#-----------------------------------------------------------
# Vivado v2017.4 (64-bit)
# SW Build 2086221 on Fri Dec 15 20:55:39 MST 2017
# IP Build 2085800 on Fri Dec 15 22:25:07 MST 2017
# Start of session at: Tue Jun  8 13:22:30 2021
# Process ID: 11968
# Current directory: D:/GitCode/ImageProcessingofSketch
# Command line: vivado.exe -gui_launcher_event rodinguilauncherevent11456 D:\GitCode\ImageProcessingofSketch\ImageProcessing.xpr
# Log file: D:/GitCode/ImageProcessingofSketch/vivado.log
# Journal file: D:/GitCode/ImageProcessingofSketch\vivado.jou
#-----------------------------------------------------------
start_gui
open_project D:/GitCode/ImageProcessingofSketch/ImageProcessing.xpr
Scanning sources...
Finished scanning sources
INFO: [IP_Flow 19-234] Refreshing IP repositories
INFO: [IP_Flow 19-1700] Loaded user IP repository 'd:/gitcode/imageprocessingofsketch'.
INFO: [IP_Flow 19-2313] Loaded Vivado IP repository 'C:/Xilinx/Vivado/2017.4/data/ip'.
open_project: Time (s): cpu = 00:00:16 ; elapsed = 00:00:07 . Memory (MB): peak = 749.758 ; gain = 78.809
update_compile_order -fileset sources_1
launch_simulation
INFO: [Vivado 12-5698] Checking validity of IPs in the design for the 'XSim' simulator...
INFO: [Vivado 12-5682] Launching behavioral simulation in 'D:/GitCode/ImageProcessingofSketch/ImageProcessing.sim/sim_1/behav/xsim'
INFO: [Vivado 12-4795] Using compiled simulation libraries for IPs
INFO: [SIM-utils-51] Simulation object is 'sim_1'
INFO: [USF-XSim-7] Finding pre-compiled libraries...
INFO: [USF-XSim-11] File 'C:/Xilinx/Vivado/2017.4/data/xsim/ip/xsim_ip.ini' copied to run dir:'D:/GitCode/ImageProcessingofSketch/ImageProcessing.sim/sim_1/behav/xsim'
INFO: [SIM-utils-54] Inspecting design source files for 'tb' in fileset 'sim_1'...
INFO: [USF-XSim-97] Finding global include files...
INFO: [USF-XSim-98] Fetching design files from 'sim_1'...
INFO: [USF-XSim-2] XSim::Compile design
INFO: [USF-XSim-61] Executing 'COMPILE and ANALYZE' step in 'D:/GitCode/ImageProcessingofSketch/ImageProcessing.sim/sim_1/behav/xsim'
"xvlog --incr --relax -prj tb_vlog.prj"
INFO: [VRFC 10-2263] Analyzing Verilog file "D:/GitCode/ImageProcessingofSketch/ImageProcessing.srcs/sources_1/ip/outputBuffer/sim/outputBuffer.v" into library xil_defaultlib
INFO: [VRFC 10-311] analyzing module outputBuffer
INFO: [VRFC 10-2263] Analyzing Verilog file "D:/GitCode/ImageProcessingofSketch/ImageProcessing.srcs/sources_1/new/conv1.v" into library xil_defaultlib
INFO: [VRFC 10-311] analyzing module conv1
INFO: [VRFC 10-2263] Analyzing Verilog file "D:/GitCode/ImageProcessingofSketch/ImageProcessing.srcs/sources_1/new/imageControl.v" into library xil_defaultlib
INFO: [VRFC 10-311] analyzing module imageControl
INFO: [VRFC 10-2263] Analyzing Verilog file "D:/GitCode/ImageProcessingofSketch/ImageProcessing.srcs/sources_1/new/imageProcessTop.v" into library xil_defaultlib
INFO: [VRFC 10-311] analyzing module imageProcessTop
INFO: [VRFC 10-2263] Analyzing Verilog file "D:/GitCode/ImageProcessingofSketch/ImageProcessing.srcs/sources_1/new/lineBuffer.v" into library xil_defaultlib
INFO: [VRFC 10-311] analyzing module lineBuffer
INFO: [VRFC 10-2263] Analyzing Verilog file "D:/GitCode/ImageProcessingofSketch/ImageProcessing.srcs/sim_1/new/tb.v" into library xil_defaultlib
INFO: [VRFC 10-311] analyzing module tb
"xvhdl --incr --relax -prj tb_vhdl.prj"
INFO: [USF-XSim-69] 'compile' step finished in '3' seconds
INFO: [USF-XSim-3] XSim::Elaborate design
INFO: [USF-XSim-61] Executing 'ELABORATE' step in 'D:/GitCode/ImageProcessingofSketch/ImageProcessing.sim/sim_1/behav/xsim'
Vivado Simulator 2017.4
Copyright 1986-1999, 2001-2016 Xilinx, Inc. All Rights Reserved.
Running: C:/Xilinx/Vivado/2017.4/bin/unwrapped/win64.o/xelab.exe -wto 2b403b64ac424dbba59215d951718441 --incr --debug typical --relax --mt 2 -L fifo_generator_v13_2_1 -L xil_defaultlib -L unisims_ver -L unimacro_ver -L secureip -L xpm --snapshot tb_behav xil_defaultlib.tb xil_defaultlib.glbl -log elaborate.log 
Using 2 slave threads.
Starting static elaboration
WARNING: [VRFC 10-597] element index -1 into num_read_words_dc is out of bounds [/wrk/2017.4/nightly/2017_12_15_2086221/packages/customer/vivado/data/ip/xilinx/fifo_generator_v13_2/simulation/fifo_generator_vlog_beh.v:8080]
WARNING: [VRFC 10-597] element index -1 into num_write_words_dc is out of bounds [/wrk/2017.4/nightly/2017_12_15_2086221/packages/customer/vivado/data/ip/xilinx/fifo_generator_v13_2/simulation/fifo_generator_vlog_beh.v:8130]
Completed static elaboration
Starting simulation data flow analysis
Completed simulation data flow analysis
Time Resolution for simulation is 1ps
Compiling module xil_defaultlib.lineBuffer
Compiling module xil_defaultlib.imageControl
Compiling module xil_defaultlib.conv1
Compiling module fifo_generator_v13_2_1.fifo_generator_v13_2_1_bhv_ver_s...
Compiling module fifo_generator_v13_2_1.fifo_generator_v13_2_1_bhv_ver_p...
Compiling module fifo_generator_v13_2_1.fifo_generator_v13_2_1_CONV_VER(...
Compiling module fifo_generator_v13_2_1.fifo_generator_vlog_beh(C_COMMON...
Compiling module fifo_generator_v13_2_1.fifo_generator_v13_2_1(C_COMMON_...
Compiling module xil_defaultlib.outputBuffer
Compiling module xil_defaultlib.imageProcessTop
Compiling module xil_defaultlib.tb
WARNING: [XSIM 43-3373] "D:/GitCode/ImageProcessingofSketch/ImageProcessing.srcs/sim_1/new/tb.v" Line 64. System function $fscanf is used as system task. This system function should have a LHS e.g. x=$fscanf().
WARNING: [XSIM 43-3373] "D:/GitCode/ImageProcessingofSketch/ImageProcessing.srcs/sim_1/new/tb.v" Line 71. System function $fscanf is used as system task. This system function should have a LHS e.g. x=$fscanf().
WARNING: [XSIM 43-3373] "D:/GitCode/ImageProcessingofSketch/ImageProcessing.srcs/sim_1/new/tb.v" Line 84. System function $fscanf is used as system task. This system function should have a LHS e.g. x=$fscanf().
Compiling module xil_defaultlib.glbl
Built simulation snapshot tb_behav
INFO: [USF-XSim-69] 'elaborate' step finished in '2' seconds
INFO: [USF-XSim-4] XSim::Simulate design
INFO: [USF-XSim-61] Executing 'SIMULATE' step in 'D:/GitCode/ImageProcessingofSketch/ImageProcessing.sim/sim_1/behav/xsim'
INFO: [USF-XSim-98] *** Running xsim
   with args "tb_behav -key {Behavioral:sim_1:Functional:tb} -tclbatch {tb.tcl} -log {simulate.log}"
INFO: [USF-XSim-8] Loading simulator feature
Vivado Simulator 2017.4
Time resolution is 1 ps
source tb.tcl
# set curr_wave [current_wave_config]
# if { [string length $curr_wave] == 0 } {
#   if { [llength [get_objects]] > 0} {
#     add_wave /
#     set_property needs_save false [current_wave_config]
#   } else {
#      send_msg_id Add_Wave-1 WARNING "No top level signals found. Simulator will start without a wave window. If you want to open a wave window go to 'File->New Waveform Configuration' or type 'create_wave_config' in the TCL console."
#   }
# }
# run 1000ns
INFO: [USF-XSim-96] XSim completed. Design snapshot 'tb_behav' loaded.
INFO: [USF-XSim-97] XSim simulation ran for 1000ns
launch_simulation: Time (s): cpu = 00:00:07 ; elapsed = 00:00:11 . Memory (MB): peak = 767.742 ; gain = 8.461
run all
run: Time (s): cpu = 00:00:12 ; elapsed = 00:00:20 . Memory (MB): peak = 777.262 ; gain = 7.629
close_sim
INFO: [Simtcl 6-16] Simulation closed
exit
INFO: [Common 17-206] Exiting Vivado at Tue Jun  8 13:26:28 2021...
