#-----------------------------------------------------------
# Vivado v2017.4 (64-bit)
# SW Build 2086221 on Fri Dec 15 20:55:39 MST 2017
# IP Build 2085800 on Fri Dec 15 22:25:07 MST 2017
# Start of session at: Thu Oct 14 16:53:45 2021
# Process ID: 14424
# Current directory: D:/Project/Sketch_IP_1080p
# Command line: vivado.exe -gui_launcher_event rodinguilauncherevent10284 D:\Project\Sketch_IP_1080p\ImageProcessing.xpr
# Log file: D:/Project/Sketch_IP_1080p/vivado.log
# Journal file: D:/Project/Sketch_IP_1080p\vivado.jou
#-----------------------------------------------------------
start_gui
open_project D:/Project/Sketch_IP_1080p/ImageProcessing.xpr
Scanning sources...
Finished scanning sources
WARNING: [filemgmt 56-3] IP Repository Path: Could not find the directory 'D:/gitcode/imageprocessingofsketch'.
INFO: [IP_Flow 19-234] Refreshing IP repositories
INFO: [IP_Flow 19-1700] Loaded user IP repository 'd:/Project/Sketch_IP_1080p/ImageProcessing.srcs'.
WARNING: [IP_Flow 19-2248] Failed to load user IP repository 'd:/gitcode/imageprocessingofsketch'; Can't find the specified path.
If this directory should no longer be in your list of user repositories, go to the IP Settings dialog and remove it.
INFO: [IP_Flow 19-2313] Loaded Vivado IP repository 'D:/Xilinx/Vivado/2017.4/data/ip'.
update_compile_order -fileset sources_1
ipx::open_ipxact_file {D:\Project\Sketch_IP_1080p\ImageProcessing.srcs\component.xml}
WARNING: [IP_Flow 19-3833] Unreferenced file from the top module is not packaged: 'D:/Project/Sketch_IP_1080p/ImageProcessing.srcs/sources_1/new/conv.v'.
WARNING: [IP_Flow 19-4963] outputBuffer has board value specified. The packaged IP will be restricted to usage with board 'em.avnet.com:zed:part0:1.3'
WARNING: [IP_Flow 19-3898] File Group 'xilinx_anylanguagesynthesis (Synthesis)': File 'sources_1/ip/div_gen_0/div_gen_0.xci' is not found in the project sources. It will be removed from the packaged IP when the sources are merged. If still required, please add this file to the project and re-package.
WARNING: [IP_Flow 19-3898] File Group 'xilinx_anylanguagebehavioralsimulation (Simulation)': File 'sources_1/ip/div_gen_0/div_gen_0.xci' is not found in the project sources. It will be removed from the packaged IP when the sources are merged. If still required, please add this file to the project and re-package.
exit
INFO: [Common 17-206] Exiting Vivado at Thu Oct 14 16:55:34 2021...
