
*** Running vivado
    with args -log imageProcessTop.vdi -applog -m64 -product Vivado -messageDb vivado.pb -mode batch -source imageProcessTop.tcl -notrace


****** Vivado v2017.4 (64-bit)
  **** SW Build 2086221 on Fri Dec 15 20:55:39 MST 2017
  **** IP Build 2085800 on Fri Dec 15 22:25:07 MST 2017
    ** Copyright 1986-2017 Xilinx, Inc. All Rights Reserved.

source imageProcessTop.tcl -notrace
Command: link_design -top imageProcessTop -part xc7z020clg484-1
Design is defaulting to srcset: sources_1
Design is defaulting to constrset: constrs_1
INFO: [Project 1-454] Reading design checkpoint 'd:/GitCode/Sketch_IP_1080p/ImageProcessing.srcs/sources_1/ip/outputBuffer/outputBuffer.dcp' for cell 'OB'
INFO: [Project 1-454] Reading design checkpoint 'd:/GitCode/Sketch_IP_1080p/ImageProcessing.srcs/sources_1/ip/div_gen_0/div_gen_0.dcp' for cell 'conv1/div1'
INFO: [Netlist 29-17] Analyzing 1804 Unisim elements for replacement
INFO: [Netlist 29-28] Unisim Transformation completed in 1 CPU seconds
INFO: [Project 1-479] Netlist was created with Vivado 2017.4
INFO: [Device 21-403] Loading part xc7z020clg484-1
INFO: [Project 1-570] Preparing netlist for logic optimization
Parsing XDC File [d:/GitCode/Sketch_IP_1080p/ImageProcessing.srcs/sources_1/ip/outputBuffer/outputBuffer.xdc] for cell 'OB/U0'
Finished Parsing XDC File [d:/GitCode/Sketch_IP_1080p/ImageProcessing.srcs/sources_1/ip/outputBuffer/outputBuffer.xdc] for cell 'OB/U0'
Parsing XDC File [D:/GitCode/Sketch_IP_1080p/ImageProcessing.srcs/constrs_1/new/sketchConstraints.xdc]
Finished Parsing XDC File [D:/GitCode/Sketch_IP_1080p/ImageProcessing.srcs/constrs_1/new/sketchConstraints.xdc]
INFO: [Project 1-538] Using original IP XDC constraints instead of the XDC constraints in dcp 'd:/GitCode/Sketch_IP_1080p/ImageProcessing.srcs/sources_1/ip/outputBuffer/outputBuffer.dcp'
Sourcing Tcl File [C:/Xilinx/Vivado/2017.4/data/ip/xpm/xpm_cdc/tcl/xpm_cdc_sync_rst.tcl] for cell 'OB/U0/inst_fifo_gen/gaxis_fifo.gaxisf.axisf/grf.rf/rstblk/ngwrdrst.grst.g7serrst.gsckt_wrst.xpm_cdc_sync_rst_inst_wrst'
Finished Sourcing Tcl File [C:/Xilinx/Vivado/2017.4/data/ip/xpm/xpm_cdc/tcl/xpm_cdc_sync_rst.tcl] for cell 'OB/U0/inst_fifo_gen/gaxis_fifo.gaxisf.axisf/grf.rf/rstblk/ngwrdrst.grst.g7serrst.gsckt_wrst.xpm_cdc_sync_rst_inst_wrst'
INFO: [Opt 31-138] Pushed 0 inverter(s) to 0 load pin(s).
INFO: [Project 1-111] Unisim Transformation Summary:
  A total of 1440 instances were transformed.
  RAM64M => RAM64M (RAMD64E, RAMD64E, RAMD64E, RAMD64E): 720 instances
  RAM64X1D => RAM64X1D (RAMD64E, RAMD64E): 720 instances

10 Infos, 0 Warnings, 0 Critical Warnings and 0 Errors encountered.
link_design completed successfully
link_design: Time (s): cpu = 00:00:12 ; elapsed = 00:00:14 . Memory (MB): peak = 634.684 ; gain = 394.270
Command: opt_design
Attempting to get a license for feature 'Implementation' and/or device 'xc7z020'
INFO: [Common 17-349] Got license for feature 'Implementation' and/or device 'xc7z020'
Running DRC as a precondition to command opt_design

Starting DRC Task
INFO: [DRC 23-27] Running DRC with 2 threads
INFO: [Project 1-461] DRC finished with 0 Errors
INFO: [Project 1-462] Please refer to the DRC report (report_drc) for more information.

Time (s): cpu = 00:00:02 ; elapsed = 00:00:00.878 . Memory (MB): peak = 642.691 ; gain = 8.008
INFO: [Timing 38-35] Done setting XDC timing constraints.

Starting Logic Optimization Task

Phase 1 Retarget
INFO: [Opt 31-138] Pushed 0 inverter(s) to 0 load pin(s).
INFO: [Opt 31-49] Retargeted 0 cell(s).
Phase 1 Retarget | Checksum: 0c93693c

Time (s): cpu = 00:00:01 ; elapsed = 00:00:01 . Memory (MB): peak = 1204.086 ; gain = 0.262
INFO: [Opt 31-389] Phase Retarget created 0 cells and removed 1 cells

Phase 2 Constant propagation
INFO: [Opt 31-138] Pushed 0 inverter(s) to 0 load pin(s).
Phase 2 Constant propagation | Checksum: 09428889

Time (s): cpu = 00:00:01 ; elapsed = 00:00:01 . Memory (MB): peak = 1204.086 ; gain = 0.262
INFO: [Opt 31-389] Phase Constant propagation created 8 cells and removed 110 cells

Phase 3 Sweep
Phase 3 Sweep | Checksum: 2a3fcc9b

Time (s): cpu = 00:00:02 ; elapsed = 00:00:02 . Memory (MB): peak = 1204.086 ; gain = 0.262
INFO: [Opt 31-389] Phase Sweep created 0 cells and removed 93 cells

Phase 4 BUFG optimization
Phase 4 BUFG optimization | Checksum: 2a3fcc9b

Time (s): cpu = 00:00:03 ; elapsed = 00:00:03 . Memory (MB): peak = 1204.086 ; gain = 0.262
INFO: [Opt 31-389] Phase BUFG optimization created 0 cells and removed 0 cells

Phase 5 Shift Register Optimization
Phase 5 Shift Register Optimization | Checksum: 80ae2f62

Time (s): cpu = 00:00:03 ; elapsed = 00:00:03 . Memory (MB): peak = 1204.086 ; gain = 0.262
INFO: [Opt 31-389] Phase Shift Register Optimization created 1 cells and removed 4 cells

Starting Connectivity Check Task

Time (s): cpu = 00:00:00 ; elapsed = 00:00:00.019 . Memory (MB): peak = 1204.086 ; gain = 0.000
Ending Logic Optimization Task | Checksum: 793e0413

Time (s): cpu = 00:00:03 ; elapsed = 00:00:03 . Memory (MB): peak = 1204.086 ; gain = 0.262

Starting Power Optimization Task
INFO: [Pwropt 34-132] Skipping clock gating for clocks with a period < 2.00 ns.
INFO: [Pwropt 34-9] Applying IDT optimizations ...
INFO: [Pwropt 34-10] Applying ODC optimizations ...
INFO: [Timing 38-35] Done setting XDC timing constraints.
INFO: [Physopt 32-619] Estimated Timing Summary | WNS=0.883 | TNS=0.000 |
Running Vector-less Activity Propagation...

Finished Running Vector-less Activity Propagation


Starting PowerOpt Patch Enables Task
INFO: [Pwropt 34-162] WRITE_MODE attribute of 0 BRAM(s) out of a total of 1 has been updated to save power. Run report_power_opt to get a complete listing of the BRAMs updated.
INFO: [Pwropt 34-201] Structural ODC has moved 0 WE to EN ports
Number of BRAM Ports augmented: 0 newly gated: 0 Total Ports: 2
Ending PowerOpt Patch Enables Task | Checksum: 116c40864

Time (s): cpu = 00:00:00 ; elapsed = 00:00:00.061 . Memory (MB): peak = 1382.742 ; gain = 0.000
Ending Power Optimization Task | Checksum: 116c40864

Time (s): cpu = 00:00:11 ; elapsed = 00:00:07 . Memory (MB): peak = 1382.742 ; gain = 178.656
INFO: [Common 17-83] Releasing license: Implementation
31 Infos, 0 Warnings, 0 Critical Warnings and 0 Errors encountered.
opt_design completed successfully
opt_design: Time (s): cpu = 00:00:31 ; elapsed = 00:00:28 . Memory (MB): peak = 1382.742 ; gain = 748.059
INFO: [Common 17-1381] The checkpoint 'D:/GitCode/Sketch_IP_1080p/ImageProcessing.runs/impl_1/imageProcessTop_opt.dcp' has been generated.
INFO: [runtcl-4] Executing : report_drc -file imageProcessTop_drc_opted.rpt -pb imageProcessTop_drc_opted.pb -rpx imageProcessTop_drc_opted.rpx
Command: report_drc -file imageProcessTop_drc_opted.rpt -pb imageProcessTop_drc_opted.pb -rpx imageProcessTop_drc_opted.rpx
INFO: [IP_Flow 19-1839] IP Catalog is up to date.
INFO: [DRC 23-27] Running DRC with 2 threads
INFO: [Coretcl 2-168] The results of DRC are in file D:/GitCode/Sketch_IP_1080p/ImageProcessing.runs/impl_1/imageProcessTop_drc_opted.rpt.
report_drc completed successfully
INFO: [Chipscope 16-241] No debug cores found in the current design.
Before running the implement_debug_core command, either use the Set Up Debug wizard (GUI mode)
or use the create_debug_core and connect_debug_core Tcl commands to insert debug cores into the design.
Command: place_design
Attempting to get a license for feature 'Implementation' and/or device 'xc7z020'
INFO: [Common 17-349] Got license for feature 'Implementation' and/or device 'xc7z020'
INFO: [DRC 23-27] Running DRC with 2 threads
INFO: [Vivado_Tcl 4-198] DRC finished with 0 Errors
INFO: [Vivado_Tcl 4-199] Please refer to the DRC report (report_drc) for more information.
Running DRC as a precondition to command place_design
INFO: [DRC 23-27] Running DRC with 2 threads
INFO: [Vivado_Tcl 4-198] DRC finished with 0 Errors
INFO: [Vivado_Tcl 4-199] Please refer to the DRC report (report_drc) for more information.

Starting Placer Task
INFO: [Place 30-611] Multithreading enabled for place_design using a maximum of 2 CPUs

Phase 1 Placer Initialization

Phase 1.1 Placer Initialization Netlist Sorting
Netlist sorting complete. Time (s): cpu = 00:00:00 ; elapsed = 00:00:00.043 . Memory (MB): peak = 1382.742 ; gain = 0.000
Phase 1.1 Placer Initialization Netlist Sorting | Checksum: e31a533c

Time (s): cpu = 00:00:00 ; elapsed = 00:00:00.052 . Memory (MB): peak = 1382.742 ; gain = 0.000
INFO: [Timing 38-35] Done setting XDC timing constraints.
INFO: [Opt 31-138] Pushed 0 inverter(s) to 0 load pin(s).
Netlist sorting complete. Time (s): cpu = 00:00:00 ; elapsed = 00:00:00.033 . Memory (MB): peak = 1382.742 ; gain = 0.000

Phase 1.2 IO Placement/ Clock Placement/ Build Placer Device
INFO: [Timing 38-35] Done setting XDC timing constraints.
Phase 1.2 IO Placement/ Clock Placement/ Build Placer Device | Checksum: cf3cd84e

Time (s): cpu = 00:00:07 ; elapsed = 00:00:06 . Memory (MB): peak = 1382.742 ; gain = 0.000

Phase 1.3 Build Placer Netlist Model
Phase 1.3 Build Placer Netlist Model | Checksum: 1c90e12dc

Time (s): cpu = 00:00:14 ; elapsed = 00:00:11 . Memory (MB): peak = 1382.742 ; gain = 0.000

Phase 1.4 Constrain Clocks/Macros
Phase 1.4 Constrain Clocks/Macros | Checksum: 1c90e12dc

Time (s): cpu = 00:00:14 ; elapsed = 00:00:11 . Memory (MB): peak = 1382.742 ; gain = 0.000
Phase 1 Placer Initialization | Checksum: 1c90e12dc

Time (s): cpu = 00:00:14 ; elapsed = 00:00:11 . Memory (MB): peak = 1382.742 ; gain = 0.000

Phase 2 Global Placement
Phase 2 Global Placement | Checksum: 2061fa286

Time (s): cpu = 00:00:37 ; elapsed = 00:00:25 . Memory (MB): peak = 1382.742 ; gain = 0.000

Phase 3 Detail Placement

Phase 3.1 Commit Multi Column Macros
Phase 3.1 Commit Multi Column Macros | Checksum: 2061fa286

Time (s): cpu = 00:00:38 ; elapsed = 00:00:25 . Memory (MB): peak = 1382.742 ; gain = 0.000

Phase 3.2 Commit Most Macros & LUTRAMs
Phase 3.2 Commit Most Macros & LUTRAMs | Checksum: 21261339c

Time (s): cpu = 00:00:45 ; elapsed = 00:00:32 . Memory (MB): peak = 1382.742 ; gain = 0.000

Phase 3.3 Area Swap Optimization
Phase 3.3 Area Swap Optimization | Checksum: 20019103c

Time (s): cpu = 00:00:45 ; elapsed = 00:00:32 . Memory (MB): peak = 1382.742 ; gain = 0.000

Phase 3.4 Pipeline Register Optimization
Phase 3.4 Pipeline Register Optimization | Checksum: 17fa97c5d

Time (s): cpu = 00:00:45 ; elapsed = 00:00:32 . Memory (MB): peak = 1382.742 ; gain = 0.000

Phase 3.5 Timing Path Optimizer
Phase 3.5 Timing Path Optimizer | Checksum: 17fa97c5d

Time (s): cpu = 00:00:45 ; elapsed = 00:00:32 . Memory (MB): peak = 1382.742 ; gain = 0.000

Phase 3.6 Fast Optimization
Phase 3.6 Fast Optimization | Checksum: 18c746d20

Time (s): cpu = 00:00:46 ; elapsed = 00:00:33 . Memory (MB): peak = 1382.742 ; gain = 0.000

Phase 3.7 Small Shape Detail Placement
Phase 3.7 Small Shape Detail Placement | Checksum: 1b96f7d34

Time (s): cpu = 00:00:49 ; elapsed = 00:00:36 . Memory (MB): peak = 1382.742 ; gain = 0.000

Phase 3.8 Re-assign LUT pins
Phase 3.8 Re-assign LUT pins | Checksum: 1f05bfb8f

Time (s): cpu = 00:00:50 ; elapsed = 00:00:36 . Memory (MB): peak = 1382.742 ; gain = 0.000

Phase 3.9 Pipeline Register Optimization
Phase 3.9 Pipeline Register Optimization | Checksum: 127da49ec

Time (s): cpu = 00:00:50 ; elapsed = 00:00:37 . Memory (MB): peak = 1382.742 ; gain = 0.000
Phase 3 Detail Placement | Checksum: 127da49ec

Time (s): cpu = 00:00:50 ; elapsed = 00:00:37 . Memory (MB): peak = 1382.742 ; gain = 0.000

Phase 4 Post Placement Optimization and Clean-Up

Phase 4.1 Post Commit Optimization
INFO: [Timing 38-35] Done setting XDC timing constraints.

Phase 4.1.1 Post Placement Optimization
Post Placement Optimization Initialization | Checksum: e0a03f96

Phase 4.1.1.1 BUFG Insertion
INFO: [Physopt 32-721] Multithreading enabled for phys_opt_design using a maximum of 2 CPUs
INFO: [Place 46-31] BUFG insertion identified 0 candidate nets, 0 success, 0 skipped for placement/routing, 0 skipped for timing, 0 skipped for netlist change reason.
Phase 4.1.1.1 BUFG Insertion | Checksum: e0a03f96

Time (s): cpu = 00:00:54 ; elapsed = 00:00:40 . Memory (MB): peak = 1382.742 ; gain = 0.000
INFO: [Place 30-746] Post Placement Timing Summary WNS=0.503. For the most accurate timing information please run report_timing.
Phase 4.1.1 Post Placement Optimization | Checksum: 214cefa4a

Time (s): cpu = 00:01:14 ; elapsed = 00:01:00 . Memory (MB): peak = 1382.742 ; gain = 0.000
Phase 4.1 Post Commit Optimization | Checksum: 214cefa4a

Time (s): cpu = 00:01:14 ; elapsed = 00:01:00 . Memory (MB): peak = 1382.742 ; gain = 0.000

Phase 4.2 Post Placement Cleanup
Phase 4.2 Post Placement Cleanup | Checksum: 214cefa4a

Time (s): cpu = 00:01:14 ; elapsed = 00:01:00 . Memory (MB): peak = 1382.742 ; gain = 0.000

Phase 4.3 Placer Reporting
Phase 4.3 Placer Reporting | Checksum: 214cefa4a

Time (s): cpu = 00:01:14 ; elapsed = 00:01:00 . Memory (MB): peak = 1382.742 ; gain = 0.000

Phase 4.4 Final Placement Cleanup
Phase 4.4 Final Placement Cleanup | Checksum: 1d15daac8

Time (s): cpu = 00:01:14 ; elapsed = 00:01:00 . Memory (MB): peak = 1382.742 ; gain = 0.000
Phase 4 Post Placement Optimization and Clean-Up | Checksum: 1d15daac8

Time (s): cpu = 00:01:14 ; elapsed = 00:01:00 . Memory (MB): peak = 1382.742 ; gain = 0.000
Ending Placer Task | Checksum: 120d916aa

Time (s): cpu = 00:01:14 ; elapsed = 00:01:00 . Memory (MB): peak = 1382.742 ; gain = 0.000
INFO: [Common 17-83] Releasing license: Implementation
53 Infos, 0 Warnings, 0 Critical Warnings and 0 Errors encountered.
place_design completed successfully
place_design: Time (s): cpu = 00:01:17 ; elapsed = 00:01:02 . Memory (MB): peak = 1382.742 ; gain = 0.000
Writing placer database...
Writing XDEF routing.
Writing XDEF routing logical nets.
Writing XDEF routing special nets.
Write XDEF Complete: Time (s): cpu = 00:00:04 ; elapsed = 00:00:02 . Memory (MB): peak = 1382.742 ; gain = 0.000
INFO: [Common 17-1381] The checkpoint 'D:/GitCode/Sketch_IP_1080p/ImageProcessing.runs/impl_1/imageProcessTop_placed.dcp' has been generated.
INFO: [runtcl-4] Executing : report_io -file imageProcessTop_io_placed.rpt
report_io: Time (s): cpu = 00:00:00 ; elapsed = 00:00:00.102 . Memory (MB): peak = 1382.742 ; gain = 0.000
INFO: [runtcl-4] Executing : report_utilization -file imageProcessTop_utilization_placed.rpt -pb imageProcessTop_utilization_placed.pb
report_utilization: Time (s): cpu = 00:00:00 ; elapsed = 00:00:00.183 . Memory (MB): peak = 1382.742 ; gain = 0.000
INFO: [runtcl-4] Executing : report_control_sets -verbose -file imageProcessTop_control_sets_placed.rpt
report_control_sets: Time (s): cpu = 00:00:00 ; elapsed = 00:00:00.087 . Memory (MB): peak = 1382.742 ; gain = 0.000
Command: route_design
Attempting to get a license for feature 'Implementation' and/or device 'xc7z020'
INFO: [Common 17-349] Got license for feature 'Implementation' and/or device 'xc7z020'
Running DRC as a precondition to command route_design
INFO: [DRC 23-27] Running DRC with 2 threads
INFO: [Vivado_Tcl 4-198] DRC finished with 0 Errors
INFO: [Vivado_Tcl 4-199] Please refer to the DRC report (report_drc) for more information.


Starting Routing Task
INFO: [Route 35-254] Multithreading enabled for route_design using a maximum of 2 CPUs
Checksum: PlaceDB: d1acc0a7 ConstDB: 0 ShapeSum: 4f2c5603 RouteDB: 0

Phase 1 Build RT Design
Phase 1 Build RT Design | Checksum: f44d308e

Time (s): cpu = 00:00:45 ; elapsed = 00:00:42 . Memory (MB): peak = 1385.352 ; gain = 2.609
Post Restoration Checksum: NetGraph: 79ee62c3 NumContArr: 7a5ecdcb Constraints: 0 Timing: 0

Phase 2 Router Initialization

Phase 2.1 Create Timer
Phase 2.1 Create Timer | Checksum: f44d308e

Time (s): cpu = 00:00:46 ; elapsed = 00:00:43 . Memory (MB): peak = 1385.352 ; gain = 2.609

Phase 2.2 Fix Topology Constraints
Phase 2.2 Fix Topology Constraints | Checksum: f44d308e

Time (s): cpu = 00:00:46 ; elapsed = 00:00:43 . Memory (MB): peak = 1385.352 ; gain = 2.609

Phase 2.3 Pre Route Cleanup
Phase 2.3 Pre Route Cleanup | Checksum: f44d308e

Time (s): cpu = 00:00:46 ; elapsed = 00:00:43 . Memory (MB): peak = 1385.352 ; gain = 2.609
 Number of Nodes with overlaps = 0

Phase 2.4 Update Timing
Phase 2.4 Update Timing | Checksum: 11d80ca6d

Time (s): cpu = 00:00:52 ; elapsed = 00:00:47 . Memory (MB): peak = 1391.430 ; gain = 8.688
INFO: [Route 35-416] Intermediate Timing Summary | WNS=0.628  | TNS=0.000  | WHS=-0.224 | THS=-418.688|

Phase 2 Router Initialization | Checksum: 1ed549afa

Time (s): cpu = 00:00:55 ; elapsed = 00:00:49 . Memory (MB): peak = 1405.293 ; gain = 22.551

Phase 3 Initial Routing
Phase 3 Initial Routing | Checksum: 2325bf451

Time (s): cpu = 00:01:04 ; elapsed = 00:00:54 . Memory (MB): peak = 1405.383 ; gain = 22.641

Phase 4 Rip-up And Reroute

Phase 4.1 Global Iteration 0
 Number of Nodes with overlaps = 1314
 Number of Nodes with overlaps = 396
 Number of Nodes with overlaps = 123
 Number of Nodes with overlaps = 29
 Number of Nodes with overlaps = 5
 Number of Nodes with overlaps = 1
 Number of Nodes with overlaps = 4
 Number of Nodes with overlaps = 0
INFO: [Route 35-416] Intermediate Timing Summary | WNS=-0.253 | TNS=-1.253 | WHS=N/A    | THS=N/A    |

Phase 4.1 Global Iteration 0 | Checksum: 15370f1e7

Time (s): cpu = 00:01:29 ; elapsed = 00:01:10 . Memory (MB): peak = 1409.609 ; gain = 26.867

Phase 4.2 Global Iteration 1
 Number of Nodes with overlaps = 823
 Number of Nodes with overlaps = 358
 Number of Nodes with overlaps = 130
 Number of Nodes with overlaps = 36
 Number of Nodes with overlaps = 6
 Number of Nodes with overlaps = 11
 Number of Nodes with overlaps = 5
 Number of Nodes with overlaps = 0
INFO: [Route 35-416] Intermediate Timing Summary | WNS=-0.121 | TNS=-0.121 | WHS=N/A    | THS=N/A    |

Phase 4.2 Global Iteration 1 | Checksum: 1508d55a4

Time (s): cpu = 00:01:46 ; elapsed = 00:01:22 . Memory (MB): peak = 1409.609 ; gain = 26.867

Phase 4.3 Global Iteration 2
 Number of Nodes with overlaps = 447
 Number of Nodes with overlaps = 268
 Number of Nodes with overlaps = 139
 Number of Nodes with overlaps = 47
 Number of Nodes with overlaps = 12
 Number of Nodes with overlaps = 4
 Number of Nodes with overlaps = 3
 Number of Nodes with overlaps = 0
INFO: [Route 35-416] Intermediate Timing Summary | WNS=0.115  | TNS=0.000  | WHS=N/A    | THS=N/A    |

Phase 4.3 Global Iteration 2 | Checksum: 1869e5142

Time (s): cpu = 00:02:00 ; elapsed = 00:01:32 . Memory (MB): peak = 1409.609 ; gain = 26.867
Phase 4 Rip-up And Reroute | Checksum: 1869e5142

Time (s): cpu = 00:02:00 ; elapsed = 00:01:32 . Memory (MB): peak = 1409.609 ; gain = 26.867

Phase 5 Delay and Skew Optimization

Phase 5.1 Delay CleanUp
Phase 5.1 Delay CleanUp | Checksum: 1869e5142

Time (s): cpu = 00:02:00 ; elapsed = 00:01:32 . Memory (MB): peak = 1409.609 ; gain = 26.867

Phase 5.2 Clock Skew Optimization
Phase 5.2 Clock Skew Optimization | Checksum: 1869e5142

Time (s): cpu = 00:02:00 ; elapsed = 00:01:32 . Memory (MB): peak = 1409.609 ; gain = 26.867
Phase 5 Delay and Skew Optimization | Checksum: 1869e5142

Time (s): cpu = 00:02:00 ; elapsed = 00:01:32 . Memory (MB): peak = 1409.609 ; gain = 26.867

Phase 6 Post Hold Fix

Phase 6.1 Hold Fix Iter

Phase 6.1.1 Update Timing
Phase 6.1.1 Update Timing | Checksum: 14eea8d72

Time (s): cpu = 00:02:01 ; elapsed = 00:01:33 . Memory (MB): peak = 1409.609 ; gain = 26.867
INFO: [Route 35-416] Intermediate Timing Summary | WNS=0.153  | TNS=0.000  | WHS=0.052  | THS=0.000  |

Phase 6.1 Hold Fix Iter | Checksum: 14eea8d72

Time (s): cpu = 00:02:02 ; elapsed = 00:01:33 . Memory (MB): peak = 1409.609 ; gain = 26.867
Phase 6 Post Hold Fix | Checksum: 14eea8d72

Time (s): cpu = 00:02:02 ; elapsed = 00:01:33 . Memory (MB): peak = 1409.609 ; gain = 26.867

Phase 7 Route finalize

Router Utilization Summary
  Global Vertical Routing Utilization    = 3.52392 %
  Global Horizontal Routing Utilization  = 4.21611 %
  Routable Net Status*
  *Does not include unroutable nets such as driverless and loadless.
  Run report_route_status for detailed report.
  Number of Failed Nets               = 0
  Number of Unrouted Nets             = 0
  Number of Partially Routed Nets     = 0
  Number of Node Overlaps             = 0

Phase 7 Route finalize | Checksum: 2276c68ab

Time (s): cpu = 00:02:02 ; elapsed = 00:01:33 . Memory (MB): peak = 1409.609 ; gain = 26.867

Phase 8 Verifying routed nets

 Verification completed successfully
Phase 8 Verifying routed nets | Checksum: 2276c68ab

Time (s): cpu = 00:02:02 ; elapsed = 00:01:33 . Memory (MB): peak = 1409.609 ; gain = 26.867

Phase 9 Depositing Routes
Phase 9 Depositing Routes | Checksum: 1c54b760b

Time (s): cpu = 00:02:03 ; elapsed = 00:01:34 . Memory (MB): peak = 1409.609 ; gain = 26.867

Phase 10 Post Router Timing
INFO: [Route 35-57] Estimated Timing Summary | WNS=0.153  | TNS=0.000  | WHS=0.052  | THS=0.000  |

INFO: [Route 35-327] The final timing numbers are based on the router estimated timing analysis. For a complete and accurate timing signoff, please run report_timing_summary.
Phase 10 Post Router Timing | Checksum: 1c54b760b

Time (s): cpu = 00:02:03 ; elapsed = 00:01:34 . Memory (MB): peak = 1409.609 ; gain = 26.867
INFO: [Route 35-16] Router Completed Successfully

Time (s): cpu = 00:02:03 ; elapsed = 00:01:34 . Memory (MB): peak = 1409.609 ; gain = 26.867

Routing Is Done.
INFO: [Common 17-83] Releasing license: Implementation
71 Infos, 0 Warnings, 0 Critical Warnings and 0 Errors encountered.
route_design completed successfully
route_design: Time (s): cpu = 00:02:08 ; elapsed = 00:01:36 . Memory (MB): peak = 1409.609 ; gain = 26.867
Writing placer database...
Writing XDEF routing.
Writing XDEF routing logical nets.
Writing XDEF routing special nets.
Write XDEF Complete: Time (s): cpu = 00:00:05 ; elapsed = 00:00:02 . Memory (MB): peak = 1409.609 ; gain = 0.000
INFO: [Common 17-1381] The checkpoint 'D:/GitCode/Sketch_IP_1080p/ImageProcessing.runs/impl_1/imageProcessTop_routed.dcp' has been generated.
INFO: [runtcl-4] Executing : report_drc -file imageProcessTop_drc_routed.rpt -pb imageProcessTop_drc_routed.pb -rpx imageProcessTop_drc_routed.rpx
Command: report_drc -file imageProcessTop_drc_routed.rpt -pb imageProcessTop_drc_routed.pb -rpx imageProcessTop_drc_routed.rpx
INFO: [IP_Flow 19-1839] IP Catalog is up to date.
INFO: [DRC 23-27] Running DRC with 2 threads
INFO: [Coretcl 2-168] The results of DRC are in file D:/GitCode/Sketch_IP_1080p/ImageProcessing.runs/impl_1/imageProcessTop_drc_routed.rpt.
report_drc completed successfully
INFO: [runtcl-4] Executing : report_methodology -file imageProcessTop_methodology_drc_routed.rpt -pb imageProcessTop_methodology_drc_routed.pb -rpx imageProcessTop_methodology_drc_routed.rpx
Command: report_methodology -file imageProcessTop_methodology_drc_routed.rpt -pb imageProcessTop_methodology_drc_routed.pb -rpx imageProcessTop_methodology_drc_routed.rpx
INFO: [Timing 38-35] Done setting XDC timing constraints.
INFO: [Timing 38-35] Done setting XDC timing constraints.
INFO: [DRC 23-133] Running Methodology with 2 threads
INFO: [Coretcl 2-1520] The results of Report Methodology are in file D:/GitCode/Sketch_IP_1080p/ImageProcessing.runs/impl_1/imageProcessTop_methodology_drc_routed.rpt.
report_methodology completed successfully
report_methodology: Time (s): cpu = 00:00:13 ; elapsed = 00:00:08 . Memory (MB): peak = 1499.133 ; gain = 89.523
INFO: [runtcl-4] Executing : report_power -file imageProcessTop_power_routed.rpt -pb imageProcessTop_power_summary_routed.pb -rpx imageProcessTop_power_routed.rpx
Command: report_power -file imageProcessTop_power_routed.rpt -pb imageProcessTop_power_summary_routed.pb -rpx imageProcessTop_power_routed.rpx
INFO: [Timing 38-35] Done setting XDC timing constraints.
Running Vector-less Activity Propagation...

Finished Running Vector-less Activity Propagation
83 Infos, 0 Warnings, 0 Critical Warnings and 0 Errors encountered.
report_power completed successfully
report_power: Time (s): cpu = 00:00:09 ; elapsed = 00:00:05 . Memory (MB): peak = 1532.316 ; gain = 33.184
INFO: [runtcl-4] Executing : report_route_status -file imageProcessTop_route_status.rpt -pb imageProcessTop_route_status.pb
INFO: [runtcl-4] Executing : report_timing_summary -max_paths 10 -file imageProcessTop_timing_summary_routed.rpt -rpx imageProcessTop_timing_summary_routed.rpx -warn_on_violation 
INFO: [Timing 38-91] UpdateTimingParams: Speed grade: -1, Delay Type: min_max.
INFO: [Timing 38-191] Multithreading enabled for timing update using a maximum of 2 CPUs
INFO: [runtcl-4] Executing : report_incremental_reuse -file imageProcessTop_incremental_reuse_routed.rpt
INFO: [Vivado_Tcl 4-545] No incremental reuse to report, no incremental placement and routing data was found.
INFO: [runtcl-4] Executing : report_clock_utilization -file imageProcessTop_clock_utilization_routed.rpt
INFO: [Common 17-206] Exiting Vivado at Wed Jul 21 21:48:29 2021...
