INFO: [VRFC 10-2263] Analyzing Verilog file "D:/GitCode/Sketch_IP_1080p/ImageProcessing.sim/sim_1/impl/func/xsim/tb_func_impl.v" into library xil_defaultlib
INFO: [VRFC 10-311] analyzing module conv1
INFO: [VRFC 10-311] analyzing module div_gen_0
INFO: [VRFC 10-311] analyzing module imageControl
INFO: [VRFC 10-311] analyzing module imageProcessTop
INFO: [VRFC 10-311] analyzing module lineBuffer
INFO: [VRFC 10-311] analyzing module lineBuffer_0
INFO: [VRFC 10-311] analyzing module lineBuffer_1
INFO: [VRFC 10-311] analyzing module lineBuffer_2
INFO: [VRFC 10-311] analyzing module outputBuffer
INFO: [VRFC 10-311] analyzing module outputBuffer__xpm_cdc_sync_rst
INFO: [VRFC 10-311] analyzing module div_gen_0_div_gen_v5_1_12
INFO: [VRFC 10-311] analyzing module outputBuffer__blk_mem_gen_generic_cstr
INFO: [VRFC 10-311] analyzing module outputBuffer__blk_mem_gen_prim_width
INFO: [VRFC 10-311] analyzing module outputBuffer__blk_mem_gen_prim_wrapper
INFO: [VRFC 10-311] analyzing module outputBuffer__blk_mem_gen_top
INFO: [VRFC 10-311] analyzing module outputBuffer__blk_mem_gen_v8_4_1
INFO: [VRFC 10-311] analyzing module outputBuffer__blk_mem_gen_v8_4_1_synth
INFO: [VRFC 10-311] analyzing module outputBuffer__fifo_generator_ramfifo
INFO: [VRFC 10-311] analyzing module outputBuffer__fifo_generator_top
INFO: [VRFC 10-311] analyzing module outputBuffer__fifo_generator_v13_2_1
INFO: [VRFC 10-311] analyzing module outputBuffer__fifo_generator_v13_2_1_synth
INFO: [VRFC 10-311] analyzing module outputBuffer__memory
INFO: [VRFC 10-311] analyzing module outputBuffer__rd_bin_cntr
INFO: [VRFC 10-311] analyzing module outputBuffer__rd_fwft
INFO: [VRFC 10-311] analyzing module outputBuffer__rd_logic
INFO: [VRFC 10-311] analyzing module outputBuffer__rd_status_flags_ss
INFO: [VRFC 10-311] analyzing module outputBuffer__reset_blk_ramfifo
INFO: [VRFC 10-311] analyzing module outputBuffer__wr_bin_cntr
INFO: [VRFC 10-311] analyzing module outputBuffer__wr_logic
INFO: [VRFC 10-311] analyzing module outputBuffer__wr_pf_ss
INFO: [VRFC 10-311] analyzing module outputBuffer__wr_status_flags_ss
INFO: [VRFC 10-311] analyzing module div_gen_0_addsubreg_v
INFO: [VRFC 10-311] analyzing module div_gen_0_addsubreg_v_0
INFO: [VRFC 10-311] analyzing module div_gen_0_addsubreg_v_10
INFO: [VRFC 10-311] analyzing module div_gen_0_addsubreg_v_12
INFO: [VRFC 10-311] analyzing module div_gen_0_addsubreg_v_14
INFO: [VRFC 10-311] analyzing module div_gen_0_addsubreg_v_16
INFO: [VRFC 10-311] analyzing module div_gen_0_addsubreg_v_18
INFO: [VRFC 10-311] analyzing module div_gen_0_addsubreg_v_2
INFO: [VRFC 10-311] analyzing module div_gen_0_addsubreg_v_20
INFO: [VRFC 10-311] analyzing module div_gen_0_addsubreg_v_22
INFO: [VRFC 10-311] analyzing module div_gen_0_addsubreg_v_24
INFO: [VRFC 10-311] analyzing module div_gen_0_addsubreg_v_26
INFO: [VRFC 10-311] analyzing module div_gen_0_addsubreg_v_28
INFO: [VRFC 10-311] analyzing module div_gen_0_addsubreg_v_4
INFO: [VRFC 10-311] analyzing module div_gen_0_addsubreg_v_6
INFO: [VRFC 10-311] analyzing module div_gen_0_addsubreg_v_8
INFO: [VRFC 10-311] analyzing module div_gen_0_bip_sdivider_synth
INFO: [VRFC 10-311] analyzing module div_gen_0_c_addsub_lut6
INFO: [VRFC 10-311] analyzing module div_gen_0_c_addsub_lut6_104
INFO: [VRFC 10-311] analyzing module div_gen_0_c_addsub_lut6_109
INFO: [VRFC 10-311] analyzing module div_gen_0_c_addsub_lut6_39
INFO: [VRFC 10-311] analyzing module div_gen_0_c_addsub_lut6_44
INFO: [VRFC 10-311] analyzing module div_gen_0_c_addsub_lut6_49
INFO: [VRFC 10-311] analyzing module div_gen_0_c_addsub_lut6_54
INFO: [VRFC 10-311] analyzing module div_gen_0_c_addsub_lut6_59
INFO: [VRFC 10-311] analyzing module div_gen_0_c_addsub_lut6_64
INFO: [VRFC 10-311] analyzing module div_gen_0_c_addsub_lut6_69
INFO: [VRFC 10-311] analyzing module div_gen_0_c_addsub_lut6_74
INFO: [VRFC 10-311] analyzing module div_gen_0_c_addsub_lut6_79
INFO: [VRFC 10-311] analyzing module div_gen_0_c_addsub_lut6_84
INFO: [VRFC 10-311] analyzing module div_gen_0_c_addsub_lut6_89
INFO: [VRFC 10-311] analyzing module div_gen_0_c_addsub_lut6_94
INFO: [VRFC 10-311] analyzing module div_gen_0_c_addsub_lut6_99
INFO: [VRFC 10-311] analyzing module div_gen_0_c_addsub_viv
INFO: [VRFC 10-311] analyzing module div_gen_0_c_addsub_viv_103
INFO: [VRFC 10-311] analyzing module div_gen_0_c_addsub_viv_108
INFO: [VRFC 10-311] analyzing module div_gen_0_c_addsub_viv_38
INFO: [VRFC 10-311] analyzing module div_gen_0_c_addsub_viv_43
INFO: [VRFC 10-311] analyzing module div_gen_0_c_addsub_viv_48
INFO: [VRFC 10-311] analyzing module div_gen_0_c_addsub_viv_53
INFO: [VRFC 10-311] analyzing module div_gen_0_c_addsub_viv_58
INFO: [VRFC 10-311] analyzing module div_gen_0_c_addsub_viv_63
INFO: [VRFC 10-311] analyzing module div_gen_0_c_addsub_viv_68
INFO: [VRFC 10-311] analyzing module div_gen_0_c_addsub_viv_73
INFO: [VRFC 10-311] analyzing module div_gen_0_c_addsub_viv_78
INFO: [VRFC 10-311] analyzing module div_gen_0_c_addsub_viv_83
INFO: [VRFC 10-311] analyzing module div_gen_0_c_addsub_viv_88
INFO: [VRFC 10-311] analyzing module div_gen_0_c_addsub_viv_93
INFO: [VRFC 10-311] analyzing module div_gen_0_c_addsub_viv_98
INFO: [VRFC 10-311] analyzing module div_gen_0_div_gen_synth
INFO: [VRFC 10-311] analyzing module div_gen_0_div_gen_v5_1_12_viv
INFO: [VRFC 10-311] analyzing module div_gen_0_dividervdc_v
INFO: [VRFC 10-311] analyzing module div_gen_0_xbip_pipe_v3_0_4_viv
INFO: [VRFC 10-311] analyzing module div_gen_0_xbip_pipe_v3_0_4_viv__parameterized1
INFO: [VRFC 10-311] analyzing module div_gen_0_xbip_pipe_v3_0_4_viv__parameterized11
INFO: [VRFC 10-311] analyzing module div_gen_0_xbip_pipe_v3_0_4_viv__parameterized13
INFO: [VRFC 10-311] analyzing module div_gen_0_xbip_pipe_v3_0_4_viv__parameterized15
INFO: [VRFC 10-311] analyzing module div_gen_0_xbip_pipe_v3_0_4_viv__parameterized17
INFO: [VRFC 10-311] analyzing module div_gen_0_xbip_pipe_v3_0_4_viv__parameterized19
INFO: [VRFC 10-311] analyzing module div_gen_0_xbip_pipe_v3_0_4_viv__parameterized1_31
INFO: [VRFC 10-311] analyzing module div_gen_0_xbip_pipe_v3_0_4_viv__parameterized21
INFO: [VRFC 10-311] analyzing module div_gen_0_xbip_pipe_v3_0_4_viv__parameterized23
INFO: [VRFC 10-311] analyzing module div_gen_0_xbip_pipe_v3_0_4_viv__parameterized25
INFO: [VRFC 10-311] analyzing module div_gen_0_xbip_pipe_v3_0_4_viv__parameterized27
INFO: [VRFC 10-311] analyzing module div_gen_0_xbip_pipe_v3_0_4_viv__parameterized29
INFO: [VRFC 10-311] analyzing module div_gen_0_xbip_pipe_v3_0_4_viv__parameterized3
INFO: [VRFC 10-311] analyzing module div_gen_0_xbip_pipe_v3_0_4_viv__parameterized31
INFO: [VRFC 10-311] analyzing module div_gen_0_xbip_pipe_v3_0_4_viv__parameterized33
INFO: [VRFC 10-311] analyzing module div_gen_0_xbip_pipe_v3_0_4_viv__parameterized35
INFO: [VRFC 10-311] analyzing module div_gen_0_xbip_pipe_v3_0_4_viv__parameterized37
INFO: [VRFC 10-311] analyzing module div_gen_0_xbip_pipe_v3_0_4_viv__parameterized39
INFO: [VRFC 10-311] analyzing module div_gen_0_xbip_pipe_v3_0_4_viv__parameterized3_1
INFO: [VRFC 10-311] analyzing module div_gen_0_xbip_pipe_v3_0_4_viv__parameterized3_11
INFO: [VRFC 10-311] analyzing module div_gen_0_xbip_pipe_v3_0_4_viv__parameterized3_13
INFO: [VRFC 10-311] analyzing module div_gen_0_xbip_pipe_v3_0_4_viv__parameterized3_15
INFO: [VRFC 10-311] analyzing module div_gen_0_xbip_pipe_v3_0_4_viv__parameterized3_17
INFO: [VRFC 10-311] analyzing module div_gen_0_xbip_pipe_v3_0_4_viv__parameterized3_19
INFO: [VRFC 10-311] analyzing module div_gen_0_xbip_pipe_v3_0_4_viv__parameterized3_21
INFO: [VRFC 10-311] analyzing module div_gen_0_xbip_pipe_v3_0_4_viv__parameterized3_23
INFO: [VRFC 10-311] analyzing module div_gen_0_xbip_pipe_v3_0_4_viv__parameterized3_25
INFO: [VRFC 10-311] analyzing module div_gen_0_xbip_pipe_v3_0_4_viv__parameterized3_27
INFO: [VRFC 10-311] analyzing module div_gen_0_xbip_pipe_v3_0_4_viv__parameterized3_29
INFO: [VRFC 10-311] analyzing module div_gen_0_xbip_pipe_v3_0_4_viv__parameterized3_3
INFO: [VRFC 10-311] analyzing module div_gen_0_xbip_pipe_v3_0_4_viv__parameterized3_5
INFO: [VRFC 10-311] analyzing module div_gen_0_xbip_pipe_v3_0_4_viv__parameterized3_7
INFO: [VRFC 10-311] analyzing module div_gen_0_xbip_pipe_v3_0_4_viv__parameterized3_9
INFO: [VRFC 10-311] analyzing module div_gen_0_xbip_pipe_v3_0_4_viv__parameterized41
INFO: [VRFC 10-311] analyzing module div_gen_0_xbip_pipe_v3_0_4_viv__parameterized44
INFO: [VRFC 10-311] analyzing module div_gen_0_xbip_pipe_v3_0_4_viv__parameterized46
INFO: [VRFC 10-311] analyzing module div_gen_0_xbip_pipe_v3_0_4_viv__parameterized48
INFO: [VRFC 10-311] analyzing module div_gen_0_xbip_pipe_v3_0_4_viv__parameterized5
INFO: [VRFC 10-311] analyzing module div_gen_0_xbip_pipe_v3_0_4_viv__parameterized50
INFO: [VRFC 10-311] analyzing module div_gen_0_xbip_pipe_v3_0_4_viv__parameterized52
INFO: [VRFC 10-311] analyzing module div_gen_0_xbip_pipe_v3_0_4_viv__parameterized54
INFO: [VRFC 10-311] analyzing module div_gen_0_xbip_pipe_v3_0_4_viv__parameterized56
INFO: [VRFC 10-311] analyzing module div_gen_0_xbip_pipe_v3_0_4_viv__parameterized58
INFO: [VRFC 10-311] analyzing module div_gen_0_xbip_pipe_v3_0_4_viv__parameterized60
INFO: [VRFC 10-311] analyzing module div_gen_0_xbip_pipe_v3_0_4_viv__parameterized62
INFO: [VRFC 10-311] analyzing module div_gen_0_xbip_pipe_v3_0_4_viv__parameterized65
INFO: [VRFC 10-311] analyzing module div_gen_0_xbip_pipe_v3_0_4_viv__parameterized7
INFO: [VRFC 10-311] analyzing module div_gen_0_xbip_pipe_v3_0_4_viv__parameterized7_101
INFO: [VRFC 10-311] analyzing module div_gen_0_xbip_pipe_v3_0_4_viv__parameterized7_106
INFO: [VRFC 10-311] analyzing module div_gen_0_xbip_pipe_v3_0_4_viv__parameterized7_111
INFO: [VRFC 10-311] analyzing module div_gen_0_xbip_pipe_v3_0_4_viv__parameterized7_36
INFO: [VRFC 10-311] analyzing module div_gen_0_xbip_pipe_v3_0_4_viv__parameterized7_41
INFO: [VRFC 10-311] analyzing module div_gen_0_xbip_pipe_v3_0_4_viv__parameterized7_46
INFO: [VRFC 10-311] analyzing module div_gen_0_xbip_pipe_v3_0_4_viv__parameterized7_51
INFO: [VRFC 10-311] analyzing module div_gen_0_xbip_pipe_v3_0_4_viv__parameterized7_56
INFO: [VRFC 10-311] analyzing module div_gen_0_xbip_pipe_v3_0_4_viv__parameterized7_61
INFO: [VRFC 10-311] analyzing module div_gen_0_xbip_pipe_v3_0_4_viv__parameterized7_66
INFO: [VRFC 10-311] analyzing module div_gen_0_xbip_pipe_v3_0_4_viv__parameterized7_71
INFO: [VRFC 10-311] analyzing module div_gen_0_xbip_pipe_v3_0_4_viv__parameterized7_76
INFO: [VRFC 10-311] analyzing module div_gen_0_xbip_pipe_v3_0_4_viv__parameterized7_81
INFO: [VRFC 10-311] analyzing module div_gen_0_xbip_pipe_v3_0_4_viv__parameterized7_86
INFO: [VRFC 10-311] analyzing module div_gen_0_xbip_pipe_v3_0_4_viv__parameterized7_91
INFO: [VRFC 10-311] analyzing module div_gen_0_xbip_pipe_v3_0_4_viv__parameterized7_96
INFO: [VRFC 10-311] analyzing module div_gen_0_xbip_pipe_v3_0_4_viv__parameterized9
INFO: [VRFC 10-311] analyzing module glbl
INFO: [VRFC 10-2263] Analyzing Verilog file "D:/GitCode/Sketch_IP_1080p/ImageProcessing.srcs/sim_1/new/tb.v" into library xil_defaultlib
INFO: [VRFC 10-311] analyzing module tb
